<?xml version="1.0" encoding="UTF-8"?>
<!-- Generated by org.testng.reporters.JUnitReportReporter -->
<testsuite skipped="0" hostname="LAPTOP-45OB2DI7" name="MyRunner.TestRunner1" tests="1" failures="0" timestamp="03 Jul 2020 20:41:37 GMT" time="0.009" errors="0">
  <testcase name="feature" time="0.009" classname="MyRunner.TestRunner1"/>
</testsuite> <!-- MyRunner.TestRunner1 -->
