<?xml version="1.0" encoding="UTF-8"?>
<!-- Generated by org.testng.reporters.JUnitReportReporter -->
<testsuite skipped="0" hostname="LAPTOP-45OB2DI7" name="MyRunner.TestRunner" tests="1" failures="0" timestamp="09 Jul 2020 19:49:56 GMT" time="13.974" errors="0">
  <testcase name="feature" time="13.974" classname="MyRunner.TestRunner"/>
</testsuite> <!-- MyRunner.TestRunner -->
