<?xml version="1.0" encoding="UTF-8"?>
<!-- Generated by org.testng.reporters.JUnitReportReporter -->
<testsuite hostname="LAPTOP-45OB2DI7" failures="0" tests="1" name="MyRunner.TestRunner" time="32.221" errors="0" timestamp="09 Jul 2020 20:44:49 GMT" skipped="0">
  <testcase classname="MyRunner.TestRunner" name="feature" time="32.221"/>
</testsuite> <!-- MyRunner.TestRunner -->
